[     197ms] [INFO] %cDownload the React DevTools for a better development experience: https://react.dev/link/react-devtools font-weight:bold @ http://localhost:50451/_next/static/chunks/10xy_next_dist_12ryzfy._.js:2431
[     249ms] [LOG] [HMR] connected @ http://localhost:50451/_next/static/chunks/10xy_next_dist_12ryzfy._.js:2431
[     424ms] [LOG] [Fast Refresh] rebuilding @ http://localhost:50451/_next/static/chunks/10xy_next_dist_12ryzfy._.js:2431
[     426ms] [LOG] [Fast Refresh] done in 106ms @ http://localhost:50451/_next/static/chunks/10xy_next_dist_12ryzfy._.js:2431
[   64511ms] [LOG] [Fast Refresh] rebuilding @ http://localhost:50451/_next/static/chunks/10xy_next_dist_12ryzfy._.js:2431
[   64518ms] [ERROR] Encountered two children with the same key, `%s`. Keys should be unique so that components maintain their identity across updates. Non-unique keys may cause children to be duplicated and/or omitted — the behavior is unsupported and could change in a future version. [object Object] @ http://localhost:50451/_next/static/chunks/10xy_next_dist_12ryzfy._.js:3272
[   64519ms] [ERROR] Encountered two children with the same key, `%s`. Keys should be unique so that components maintain their identity across updates. Non-unique keys may cause children to be duplicated and/or omitted — the behavior is unsupported and could change in a future version. [object Object] @ http://localhost:50451/_next/static/chunks/10xy_next_dist_12ryzfy._.js:3272
[   64519ms] [ERROR] Encountered two children with the same key, `%s`. Keys should be unique so that components maintain their identity across updates. Non-unique keys may cause children to be duplicated and/or omitted — the behavior is unsupported and could change in a future version. [object Object] @ http://localhost:50451/_next/static/chunks/10xy_next_dist_12ryzfy._.js:3272
[   64519ms] [ERROR] Encountered two children with the same key, `%s`. Keys should be unique so that components maintain their identity across updates. Non-unique keys may cause children to be duplicated and/or omitted — the behavior is unsupported and could change in a future version. [object Object] @ http://localhost:50451/_next/static/chunks/10xy_next_dist_12ryzfy._.js:3272
[   64519ms] [ERROR] Encountered two children with the same key, `%s`. Keys should be unique so that components maintain their identity across updates. Non-unique keys may cause children to be duplicated and/or omitted — the behavior is unsupported and could change in a future version. [object Object] @ http://localhost:50451/_next/static/chunks/10xy_next_dist_12ryzfy._.js:3272
[   64519ms] [ERROR] Encountered two children with the same key, `%s`. Keys should be unique so that components maintain their identity across updates. Non-unique keys may cause children to be duplicated and/or omitted — the behavior is unsupported and could change in a future version. [object Object] @ http://localhost:50451/_next/static/chunks/10xy_next_dist_12ryzfy._.js:3272
[   64519ms] [ERROR] Encountered two children with the same key, `%s`. Keys should be unique so that components maintain their identity across updates. Non-unique keys may cause children to be duplicated and/or omitted — the behavior is unsupported and could change in a future version. [object Object] @ http://localhost:50451/_next/static/chunks/10xy_next_dist_12ryzfy._.js:3272
[   64520ms] [ERROR] Encountered two children with the same key, `%s`. Keys should be unique so that components maintain their identity across updates. Non-unique keys may cause children to be duplicated and/or omitted — the behavior is unsupported and could change in a future version. [object Object] @ http://localhost:50451/_next/static/chunks/10xy_next_dist_12ryzfy._.js:3272
[   64520ms] [ERROR] Encountered two children with the same key, `%s`. Keys should be unique so that components maintain their identity across updates. Non-unique keys may cause children to be duplicated and/or omitted — the behavior is unsupported and could change in a future version. [object Object] @ http://localhost:50451/_next/static/chunks/10xy_next_dist_12ryzfy._.js:3272
[   64520ms] [ERROR] Encountered two children with the same key, `%s`. Keys should be unique so that components maintain their identity across updates. Non-unique keys may cause children to be duplicated and/or omitted — the behavior is unsupported and could change in a future version. [object Object] @ http://localhost:50451/_next/static/chunks/10xy_next_dist_12ryzfy._.js:3272
[   64520ms] [ERROR] Encountered two children with the same key, `%s`. Keys should be unique so that components maintain their identity across updates. Non-unique keys may cause children to be duplicated and/or omitted — the behavior is unsupported and could change in a future version. [object Object] @ http://localhost:50451/_next/static/chunks/10xy_next_dist_12ryzfy._.js:3272
[   64520ms] [ERROR] Encountered two children with the same key, `%s`. Keys should be unique so that components maintain their identity across updates. Non-unique keys may cause children to be duplicated and/or omitted — the behavior is unsupported and could change in a future version. [object Object] @ http://localhost:50451/_next/static/chunks/10xy_next_dist_12ryzfy._.js:3272
[   64526ms] [ERROR] Encountered two children with the same key, `%s`. Keys should be unique so that components maintain their identity across updates. Non-unique keys may cause children to be duplicated and/or omitted — the behavior is unsupported and could change in a future version. [object Object] @ http://localhost:50451/_next/static/chunks/10xy_next_dist_12ryzfy._.js:3272
[   64526ms] [ERROR] Encountered two children with the same key, `%s`. Keys should be unique so that components maintain their identity across updates. Non-unique keys may cause children to be duplicated and/or omitted — the behavior is unsupported and could change in a future version. [object Object] @ http://localhost:50451/_next/static/chunks/10xy_next_dist_12ryzfy._.js:3272
[   64527ms] [ERROR] Encountered two children with the same key, `%s`. Keys should be unique so that components maintain their identity across updates. Non-unique keys may cause children to be duplicated and/or omitted — the behavior is unsupported and could change in a future version. [object Object] @ http://localhost:50451/_next/static/chunks/10xy_next_dist_12ryzfy._.js:3272
[   64527ms] [ERROR] Encountered two children with the same key, `%s`. Keys should be unique so that components maintain their identity across updates. Non-unique keys may cause children to be duplicated and/or omitted — the behavior is unsupported and could change in a future version. [object Object] @ http://localhost:50451/_next/static/chunks/10xy_next_dist_12ryzfy._.js:3272
[   64527ms] [ERROR] Encountered two children with the same key, `%s`. Keys should be unique so that components maintain their identity across updates. Non-unique keys may cause children to be duplicated and/or omitted — the behavior is unsupported and could change in a future version. [object Object] @ http://localhost:50451/_next/static/chunks/10xy_next_dist_12ryzfy._.js:3272
[   64527ms] [ERROR] Encountered two children with the same key, `%s`. Keys should be unique so that components maintain their identity across updates. Non-unique keys may cause children to be duplicated and/or omitted — the behavior is unsupported and could change in a future version. [object Object] @ http://localhost:50451/_next/static/chunks/10xy_next_dist_12ryzfy._.js:3272
[   64527ms] [ERROR] Encountered two children with the same key, `%s`. Keys should be unique so that components maintain their identity across updates. Non-unique keys may cause children to be duplicated and/or omitted — the behavior is unsupported and could change in a future version. [object Object] @ http://localhost:50451/_next/static/chunks/10xy_next_dist_12ryzfy._.js:3272
[   64527ms] [ERROR] Encountered two children with the same key, `%s`. Keys should be unique so that components maintain their identity across updates. Non-unique keys may cause children to be duplicated and/or omitted — the behavior is unsupported and could change in a future version. [object Object] @ http://localhost:50451/_next/static/chunks/10xy_next_dist_12ryzfy._.js:3272
[   64527ms] [ERROR] Encountered two children with the same key, `%s`. Keys should be unique so that components maintain their identity across updates. Non-unique keys may cause children to be duplicated and/or omitted — the behavior is unsupported and could change in a future version. [object Object] @ http://localhost:50451/_next/static/chunks/10xy_next_dist_12ryzfy._.js:3272
[   64527ms] [ERROR] Encountered two children with the same key, `%s`. Keys should be unique so that components maintain their identity across updates. Non-unique keys may cause children to be duplicated and/or omitted — the behavior is unsupported and could change in a future version. [object Object] @ http://localhost:50451/_next/static/chunks/10xy_next_dist_12ryzfy._.js:3272
[   64527ms] [ERROR] Encountered two children with the same key, `%s`. Keys should be unique so that components maintain their identity across updates. Non-unique keys may cause children to be duplicated and/or omitted — the behavior is unsupported and could change in a future version. [object Object] @ http://localhost:50451/_next/static/chunks/10xy_next_dist_12ryzfy._.js:3272
[   64527ms] [ERROR] Encountered two children with the same key, `%s`. Keys should be unique so that components maintain their identity across updates. Non-unique keys may cause children to be duplicated and/or omitted — the behavior is unsupported and could change in a future version. [object Object] @ http://localhost:50451/_next/static/chunks/10xy_next_dist_12ryzfy._.js:3272
[   64531ms] Error: Objects are not valid as a React child (found: object with keys {name, icon}). If you meant to render a collection of children, use an array instead.
    at throwOnInvalidObjectTypeImpl (http://localhost:50451/_next/static/chunks/10xy_next_dist_compiled_react-dom_0mic4tu._.js:3922:15)
    at throwOnInvalidObjectType (http://localhost:50451/_next/static/chunks/10xy_next_dist_compiled_react-dom_0mic4tu._.js:3926:110)
    at reconcileChildFibersImpl (http://localhost:50451/_next/static/chunks/10xy_next_dist_compiled_react-dom_0mic4tu._.js:4249:17)
    at http://localhost:50451/_next/static/chunks/10xy_next_dist_compiled_react-dom_0mic4tu._.js:4261:39
    at reconcileChildren (http://localhost:50451/_next/static/chunks/10xy_next_dist_compiled_react-dom_0mic4tu._.js:5898:51)
    at beginWork (http://localhost:50451/_next/static/chunks/10xy_next_dist_compiled_react-dom_0mic4tu._.js:6758:1573)
    at runWithFiberInDEV (http://localhost:50451/_next/static/chunks/10xy_next_dist_compiled_react-dom_0mic4tu._.js:965:74)
    at performUnitOfWork (http://localhost:50451/_next/static/chunks/10xy_next_dist_compiled_react-dom_0mic4tu._.js:9555:97)
    at workLoopSync (http://localhost:50451/_next/static/chunks/10xy_next_dist_compiled_react-dom_0mic4tu._.js:9449:40)
    at renderRootSync (http://localhost:50451/_next/static/chunks/10xy_next_dist_compiled_react-dom_0mic4tu._.js:9433:13)
    at performWorkOnRoot (http://localhost:50451/_next/static/chunks/10xy_next_dist_compiled_react-dom_0mic4tu._.js:9098:47)
    at performSyncWorkOnRoot (http://localhost:50451/_next/static/chunks/10xy_next_dist_compiled_react-dom_0mic4tu._.js:10263:9)
    at flushSyncWorkAcrossRoots_impl (http://localhost:50451/_next/static/chunks/10xy_next_dist_compiled_react-dom_0mic4tu._.js:10179:316)
    at flushSyncWork$1 (http://localhost:50451/_next/static/chunks/10xy_next_dist_compiled_react-dom_0mic4tu._.js:9230:86)
    at Object.scheduleRefresh (http://localhost:50451/_next/static/chunks/10xy_next_dist_compiled_react-dom_0mic4tu._.js:299:13)
    at http://localhost:50451/_next/static/chunks/10xy_next_dist_compiled_0n71e~n._.js:391:33
    at Set.forEach (<anonymous>)
    at Object.performReactRefresh (http://localhost:50451/_next/static/chunks/10xy_next_dist_compiled_0n71e~n._.js:384:38)
    at applyUpdate (http://localhost:50451/_next/static/chunks/10xy_next_dist_compiled_0n71e~n._.js:878:31)
    at http://localhost:50451/_next/static/chunks/10xy_next_dist_compiled_0n71e~n._.js:886:13
[   64547ms] [LOG] [Fast Refresh] done in 82ms @ http://localhost:50451/_next/static/chunks/10xy_next_dist_12ryzfy._.js:2431
[   64674ms] [LOG] [Fast Refresh] rebuilding @ http://localhost:50451/_next/static/chunks/10xy_next_dist_12ryzfy._.js:2431
[   64690ms] [LOG] [Fast Refresh] done in 118ms @ http://localhost:50451/_next/static/chunks/10xy_next_dist_12ryzfy._.js:2431
[   72776ms] [LOG] [Fast Refresh] rebuilding @ http://localhost:50451/_next/static/chunks/10xy_next_dist_12ryzfy._.js:2431
[   72778ms] [WARNING] [Fast Refresh] performing full reload because your application had an unrecoverable error @ http://localhost:50451/_next/static/chunks/10xy_next_dist_12ryzfy._.js:2431
[   72790ms] [ERROR] Encountered two children with the same key, `%s`. Keys should be unique so that components maintain their identity across updates. Non-unique keys may cause children to be duplicated and/or omitted — the behavior is unsupported and could change in a future version. [object Object] @ http://localhost:50451/_next/static/chunks/10xy_next_dist_12ryzfy._.js:3272
[   72790ms] [ERROR] Encountered two children with the same key, `%s`. Keys should be unique so that components maintain their identity across updates. Non-unique keys may cause children to be duplicated and/or omitted — the behavior is unsupported and could change in a future version. [object Object] @ http://localhost:50451/_next/static/chunks/10xy_next_dist_12ryzfy._.js:3272
[   72790ms] [ERROR] Encountered two children with the same key, `%s`. Keys should be unique so that components maintain their identity across updates. Non-unique keys may cause children to be duplicated and/or omitted — the behavior is unsupported and could change in a future version. [object Object] @ http://localhost:50451/_next/static/chunks/10xy_next_dist_12ryzfy._.js:3272
[   72790ms] [ERROR] Encountered two children with the same key, `%s`. Keys should be unique so that components maintain their identity across updates. Non-unique keys may cause children to be duplicated and/or omitted — the behavior is unsupported and could change in a future version. [object Object] @ http://localhost:50451/_next/static/chunks/10xy_next_dist_12ryzfy._.js:3272
[   72790ms] [ERROR] Encountered two children with the same key, `%s`. Keys should be unique so that components maintain their identity across updates. Non-unique keys may cause children to be duplicated and/or omitted — the behavior is unsupported and could change in a future version. [object Object] @ http://localhost:50451/_next/static/chunks/10xy_next_dist_12ryzfy._.js:3272
[   72790ms] [ERROR] Encountered two children with the same key, `%s`. Keys should be unique so that components maintain their identity across updates. Non-unique keys may cause children to be duplicated and/or omitted — the behavior is unsupported and could change in a future version. [object Object] @ http://localhost:50451/_next/static/chunks/10xy_next_dist_12ryzfy._.js:3272
[   72790ms] [ERROR] Encountered two children with the same key, `%s`. Keys should be unique so that components maintain their identity across updates. Non-unique keys may cause children to be duplicated and/or omitted — the behavior is unsupported and could change in a future version. [object Object] @ http://localhost:50451/_next/static/chunks/10xy_next_dist_12ryzfy._.js:3272
[   72790ms] [ERROR] Encountered two children with the same key, `%s`. Keys should be unique so that components maintain their identity across updates. Non-unique keys may cause children to be duplicated and/or omitted — the behavior is unsupported and could change in a future version. [object Object] @ http://localhost:50451/_next/static/chunks/10xy_next_dist_12ryzfy._.js:3272
[   72791ms] [ERROR] Encountered two children with the same key, `%s`. Keys should be unique so that components maintain their identity across updates. Non-unique keys may cause children to be duplicated and/or omitted — the behavior is unsupported and could change in a future version. [object Object] @ http://localhost:50451/_next/static/chunks/10xy_next_dist_12ryzfy._.js:3272
[   72791ms] [ERROR] Encountered two children with the same key, `%s`. Keys should be unique so that components maintain their identity across updates. Non-unique keys may cause children to be duplicated and/or omitted — the behavior is unsupported and could change in a future version. [object Object] @ http://localhost:50451/_next/static/chunks/10xy_next_dist_12ryzfy._.js:3272
[   72791ms] [ERROR] Encountered two children with the same key, `%s`. Keys should be unique so that components maintain their identity across updates. Non-unique keys may cause children to be duplicated and/or omitted — the behavior is unsupported and could change in a future version. [object Object] @ http://localhost:50451/_next/static/chunks/10xy_next_dist_12ryzfy._.js:3272
[   72791ms] [ERROR] Encountered two children with the same key, `%s`. Keys should be unique so that components maintain their identity across updates. Non-unique keys may cause children to be duplicated and/or omitted — the behavior is unsupported and could change in a future version. [object Object] @ http://localhost:50451/_next/static/chunks/10xy_next_dist_12ryzfy._.js:3272
[   72801ms] [ERROR] Encountered two children with the same key, `%s`. Keys should be unique so that components maintain their identity across updates. Non-unique keys may cause children to be duplicated and/or omitted — the behavior is unsupported and could change in a future version. [object Object] @ http://localhost:50451/_next/static/chunks/10xy_next_dist_12ryzfy._.js:3272
[   72802ms] [ERROR] Encountered two children with the same key, `%s`. Keys should be unique so that components maintain their identity across updates. Non-unique keys may cause children to be duplicated and/or omitted — the behavior is unsupported and could change in a future version. [object Object] @ http://localhost:50451/_next/static/chunks/10xy_next_dist_12ryzfy._.js:3272
[   72802ms] [ERROR] Encountered two children with the same key, `%s`. Keys should be unique so that components maintain their identity across updates. Non-unique keys may cause children to be duplicated and/or omitted — the behavior is unsupported and could change in a future version. [object Object] @ http://localhost:50451/_next/static/chunks/10xy_next_dist_12ryzfy._.js:3272
[   72802ms] [ERROR] Encountered two children with the same key, `%s`. Keys should be unique so that components maintain their identity across updates. Non-unique keys may cause children to be duplicated and/or omitted — the behavior is unsupported and could change in a future version. [object Object] @ http://localhost:50451/_next/static/chunks/10xy_next_dist_12ryzfy._.js:3272
[   72802ms] [ERROR] Encountered two children with the same key, `%s`. Keys should be unique so that components maintain their identity across updates. Non-unique keys may cause children to be duplicated and/or omitted — the behavior is unsupported and could change in a future version. [object Object] @ http://localhost:50451/_next/static/chunks/10xy_next_dist_12ryzfy._.js:3272
[   72802ms] [ERROR] Encountered two children with the same key, `%s`. Keys should be unique so that components maintain their identity across updates. Non-unique keys may cause children to be duplicated and/or omitted — the behavior is unsupported and could change in a future version. [object Object] @ http://localhost:50451/_next/static/chunks/10xy_next_dist_12ryzfy._.js:3272
[   72802ms] [ERROR] Encountered two children with the same key, `%s`. Keys should be unique so that components maintain their identity across updates. Non-unique keys may cause children to be duplicated and/or omitted — the behavior is unsupported and could change in a future version. [object Object] @ http://localhost:50451/_next/static/chunks/10xy_next_dist_12ryzfy._.js:3272
[   72802ms] [ERROR] Encountered two children with the same key, `%s`. Keys should be unique so that components maintain their identity across updates. Non-unique keys may cause children to be duplicated and/or omitted — the behavior is unsupported and could change in a future version. [object Object] @ http://localhost:50451/_next/static/chunks/10xy_next_dist_12ryzfy._.js:3272
[   72802ms] [ERROR] Encountered two children with the same key, `%s`. Keys should be unique so that components maintain their identity across updates. Non-unique keys may cause children to be duplicated and/or omitted — the behavior is unsupported and could change in a future version. [object Object] @ http://localhost:50451/_next/static/chunks/10xy_next_dist_12ryzfy._.js:3272
[   72803ms] [ERROR] Encountered two children with the same key, `%s`. Keys should be unique so that components maintain their identity across updates. Non-unique keys may cause children to be duplicated and/or omitted — the behavior is unsupported and could change in a future version. [object Object] @ http://localhost:50451/_next/static/chunks/10xy_next_dist_12ryzfy._.js:3272
[   72803ms] [ERROR] Encountered two children with the same key, `%s`. Keys should be unique so that components maintain their identity across updates. Non-unique keys may cause children to be duplicated and/or omitted — the behavior is unsupported and could change in a future version. [object Object] @ http://localhost:50451/_next/static/chunks/10xy_next_dist_12ryzfy._.js:3272
[   72803ms] [ERROR] Encountered two children with the same key, `%s`. Keys should be unique so that components maintain their identity across updates. Non-unique keys may cause children to be duplicated and/or omitted — the behavior is unsupported and could change in a future version. [object Object] @ http://localhost:50451/_next/static/chunks/10xy_next_dist_12ryzfy._.js:3272
[   72804ms] Error: Objects are not valid as a React child (found: object with keys {name, icon}). If you meant to render a collection of children, use an array instead.
    at throwOnInvalidObjectTypeImpl (http://localhost:50451/_next/static/chunks/10xy_next_dist_compiled_react-dom_0mic4tu._.js:3922:15)
    at throwOnInvalidObjectType (http://localhost:50451/_next/static/chunks/10xy_next_dist_compiled_react-dom_0mic4tu._.js:3926:110)
    at reconcileChildFibersImpl (http://localhost:50451/_next/static/chunks/10xy_next_dist_compiled_react-dom_0mic4tu._.js:4249:17)
    at http://localhost:50451/_next/static/chunks/10xy_next_dist_compiled_react-dom_0mic4tu._.js:4261:39
    at reconcileChildren (http://localhost:50451/_next/static/chunks/10xy_next_dist_compiled_react-dom_0mic4tu._.js:5898:51)
    at beginWork (http://localhost:50451/_next/static/chunks/10xy_next_dist_compiled_react-dom_0mic4tu._.js:6758:1573)
    at runWithFiberInDEV (http://localhost:50451/_next/static/chunks/10xy_next_dist_compiled_react-dom_0mic4tu._.js:965:74)
    at performUnitOfWork (http://localhost:50451/_next/static/chunks/10xy_next_dist_compiled_react-dom_0mic4tu._.js:9555:97)
    at workLoopSync (http://localhost:50451/_next/static/chunks/10xy_next_dist_compiled_react-dom_0mic4tu._.js:9449:40)
    at renderRootSync (http://localhost:50451/_next/static/chunks/10xy_next_dist_compiled_react-dom_0mic4tu._.js:9433:13)
    at performWorkOnRoot (http://localhost:50451/_next/static/chunks/10xy_next_dist_compiled_react-dom_0mic4tu._.js:9098:47)
    at performSyncWorkOnRoot (http://localhost:50451/_next/static/chunks/10xy_next_dist_compiled_react-dom_0mic4tu._.js:10263:9)
    at flushSyncWorkAcrossRoots_impl (http://localhost:50451/_next/static/chunks/10xy_next_dist_compiled_react-dom_0mic4tu._.js:10179:316)
    at flushSyncWork$1 (http://localhost:50451/_next/static/chunks/10xy_next_dist_compiled_react-dom_0mic4tu._.js:9230:86)
    at Object.scheduleRefresh (http://localhost:50451/_next/static/chunks/10xy_next_dist_compiled_react-dom_0mic4tu._.js:299:13)
    at http://localhost:50451/_next/static/chunks/10xy_next_dist_compiled_0n71e~n._.js:391:33
    at Set.forEach (<anonymous>)
    at Object.performReactRefresh (http://localhost:50451/_next/static/chunks/10xy_next_dist_compiled_0n71e~n._.js:384:38)
    at applyUpdate (http://localhost:50451/_next/static/chunks/10xy_next_dist_compiled_0n71e~n._.js:878:31)
    at http://localhost:50451/_next/static/chunks/10xy_next_dist_compiled_0n71e~n._.js:886:13
[   73388ms] [LOG] [Fast Refresh] done in 38ms @ http://localhost:50451/_next/static/chunks/10xy_next_dist_12ryzfy._.js:2431
[   73460ms] [ERROR] Failed to load resource: the server responded with a status of 500 (Internal Server Error) @ http://localhost:50451/marketplace:0
[   73761ms] [INFO] %cDownload the React DevTools for a better development experience: https://react.dev/link/react-devtools font-weight:bold @ http://localhost:50451/_next/static/chunks/10xy_next_dist_12ryzfy._.js:2431
[   73778ms] [LOG] [HMR] connected @ http://localhost:50451/_next/static/chunks/10xy_next_dist_12ryzfy._.js:2431
[   73836ms] [ERROR] Encountered two children with the same key, `%s`. Keys should be unique so that components maintain their identity across updates. Non-unique keys may cause children to be duplicated and/or omitted — the behavior is unsupported and could change in a future version. [object Object] @ http://localhost:50451/_next/static/chunks/10xy_next_dist_12ryzfy._.js:3272
[   73836ms] [ERROR] Encountered two children with the same key, `%s`. Keys should be unique so that components maintain their identity across updates. Non-unique keys may cause children to be duplicated and/or omitted — the behavior is unsupported and could change in a future version. [object Object] @ http://localhost:50451/_next/static/chunks/10xy_next_dist_12ryzfy._.js:3272
[   73836ms] [ERROR] Encountered two children with the same key, `%s`. Keys should be unique so that components maintain their identity across updates. Non-unique keys may cause children to be duplicated and/or omitted — the behavior is unsupported and could change in a future version. [object Object] @ http://localhost:50451/_next/static/chunks/10xy_next_dist_12ryzfy._.js:3272
[   73836ms] [ERROR] Encountered two children with the same key, `%s`. Keys should be unique so that components maintain their identity across updates. Non-unique keys may cause children to be duplicated and/or omitted — the behavior is unsupported and could change in a future version. [object Object] @ http://localhost:50451/_next/static/chunks/10xy_next_dist_12ryzfy._.js:3272
[   73836ms] [ERROR] Encountered two children with the same key, `%s`. Keys should be unique so that components maintain their identity across updates. Non-unique keys may cause children to be duplicated and/or omitted — the behavior is unsupported and could change in a future version. [object Object] @ http://localhost:50451/_next/static/chunks/10xy_next_dist_12ryzfy._.js:3272
[   73837ms] [ERROR] Encountered two children with the same key, `%s`. Keys should be unique so that components maintain their identity across updates. Non-unique keys may cause children to be duplicated and/or omitted — the behavior is unsupported and could change in a future version. [object Object] @ http://localhost:50451/_next/static/chunks/10xy_next_dist_12ryzfy._.js:3272
[   73837ms] [ERROR] Encountered two children with the same key, `%s`. Keys should be unique so that components maintain their identity across updates. Non-unique keys may cause children to be duplicated and/or omitted — the behavior is unsupported and could change in a future version. [object Object] @ http://localhost:50451/_next/static/chunks/10xy_next_dist_12ryzfy._.js:3272
[   73837ms] [ERROR] Encountered two children with the same key, `%s`. Keys should be unique so that components maintain their identity across updates. Non-unique keys may cause children to be duplicated and/or omitted — the behavior is unsupported and could change in a future version. [object Object] @ http://localhost:50451/_next/static/chunks/10xy_next_dist_12ryzfy._.js:3272
[   73837ms] [ERROR] Encountered two children with the same key, `%s`. Keys should be unique so that components maintain their identity across updates. Non-unique keys may cause children to be duplicated and/or omitted — the behavior is unsupported and could change in a future version. [object Object] @ http://localhost:50451/_next/static/chunks/10xy_next_dist_12ryzfy._.js:3272
[   73837ms] [ERROR] Encountered two children with the same key, `%s`. Keys should be unique so that components maintain their identity across updates. Non-unique keys may cause children to be duplicated and/or omitted — the behavior is unsupported and could change in a future version. [object Object] @ http://localhost:50451/_next/static/chunks/10xy_next_dist_12ryzfy._.js:3272
[   73837ms] [ERROR] Encountered two children with the same key, `%s`. Keys should be unique so that components maintain their identity across updates. Non-unique keys may cause children to be duplicated and/or omitted — the behavior is unsupported and could change in a future version. [object Object] @ http://localhost:50451/_next/static/chunks/10xy_next_dist_12ryzfy._.js:3272
[   73837ms] [ERROR] Encountered two children with the same key, `%s`. Keys should be unique so that components maintain their identity across updates. Non-unique keys may cause children to be duplicated and/or omitted — the behavior is unsupported and could change in a future version. [object Object] @ http://localhost:50451/_next/static/chunks/10xy_next_dist_12ryzfy._.js:3272
[   73848ms] [ERROR] Encountered two children with the same key, `%s`. Keys should be unique so that components maintain their identity across updates. Non-unique keys may cause children to be duplicated and/or omitted — the behavior is unsupported and could change in a future version. [object Object] @ http://localhost:50451/_next/static/chunks/10xy_next_dist_12ryzfy._.js:3272
[   73848ms] [ERROR] Encountered two children with the same key, `%s`. Keys should be unique so that components maintain their identity across updates. Non-unique keys may cause children to be duplicated and/or omitted — the behavior is unsupported and could change in a future version. [object Object] @ http://localhost:50451/_next/static/chunks/10xy_next_dist_12ryzfy._.js:3272
[   73848ms] [ERROR] Encountered two children with the same key, `%s`. Keys should be unique so that components maintain their identity across updates. Non-unique keys may cause children to be duplicated and/or omitted — the behavior is unsupported and could change in a future version. [object Object] @ http://localhost:50451/_next/static/chunks/10xy_next_dist_12ryzfy._.js:3272
[   73848ms] [ERROR] Encountered two children with the same key, `%s`. Keys should be unique so that components maintain their identity across updates. Non-unique keys may cause children to be duplicated and/or omitted — the behavior is unsupported and could change in a future version. [object Object] @ http://localhost:50451/_next/static/chunks/10xy_next_dist_12ryzfy._.js:3272
[   73848ms] [ERROR] Encountered two children with the same key, `%s`. Keys should be unique so that components maintain their identity across updates. Non-unique keys may cause children to be duplicated and/or omitted — the behavior is unsupported and could change in a future version. [object Object] @ http://localhost:50451/_next/static/chunks/10xy_next_dist_12ryzfy._.js:3272
[   73849ms] [ERROR] Encountered two children with the same key, `%s`. Keys should be unique so that components maintain their identity across updates. Non-unique keys may cause children to be duplicated and/or omitted — the behavior is unsupported and could change in a future version. [object Object] @ http://localhost:50451/_next/static/chunks/10xy_next_dist_12ryzfy._.js:3272
[   73849ms] [ERROR] Encountered two children with the same key, `%s`. Keys should be unique so that components maintain their identity across updates. Non-unique keys may cause children to be duplicated and/or omitted — the behavior is unsupported and could change in a future version. [object Object] @ http://localhost:50451/_next/static/chunks/10xy_next_dist_12ryzfy._.js:3272
[   73849ms] [ERROR] Encountered two children with the same key, `%s`. Keys should be unique so that components maintain their identity across updates. Non-unique keys may cause children to be duplicated and/or omitted — the behavior is unsupported and could change in a future version. [object Object] @ http://localhost:50451/_next/static/chunks/10xy_next_dist_12ryzfy._.js:3272
[   73849ms] [ERROR] Encountered two children with the same key, `%s`. Keys should be unique so that components maintain their identity across updates. Non-unique keys may cause children to be duplicated and/or omitted — the behavior is unsupported and could change in a future version. [object Object] @ http://localhost:50451/_next/static/chunks/10xy_next_dist_12ryzfy._.js:3272
[   73849ms] [ERROR] Encountered two children with the same key, `%s`. Keys should be unique so that components maintain their identity across updates. Non-unique keys may cause children to be duplicated and/or omitted — the behavior is unsupported and could change in a future version. [object Object] @ http://localhost:50451/_next/static/chunks/10xy_next_dist_12ryzfy._.js:3272
[   73849ms] [ERROR] Encountered two children with the same key, `%s`. Keys should be unique so that components maintain their identity across updates. Non-unique keys may cause children to be duplicated and/or omitted — the behavior is unsupported and could change in a future version. [object Object] @ http://localhost:50451/_next/static/chunks/10xy_next_dist_12ryzfy._.js:3272
[   73849ms] [ERROR] Encountered two children with the same key, `%s`. Keys should be unique so that components maintain their identity across updates. Non-unique keys may cause children to be duplicated and/or omitted — the behavior is unsupported and could change in a future version. [object Object] @ http://localhost:50451/_next/static/chunks/10xy_next_dist_12ryzfy._.js:3272
[   73858ms] Error: Objects are not valid as a React child (found: object with keys {name, icon}). If you meant to render a collection of children, use an array instead.
    at throwOnInvalidObjectTypeImpl (http://localhost:50451/_next/static/chunks/10xy_next_dist_compiled_react-dom_0mic4tu._.js:3922:15)
    at throwOnInvalidObjectType (http://localhost:50451/_next/static/chunks/10xy_next_dist_compiled_react-dom_0mic4tu._.js:3926:110)
    at reconcileChildFibersImpl (http://localhost:50451/_next/static/chunks/10xy_next_dist_compiled_react-dom_0mic4tu._.js:4249:17)
    at http://localhost:50451/_next/static/chunks/10xy_next_dist_compiled_react-dom_0mic4tu._.js:4261:39
    at reconcileChildren (http://localhost:50451/_next/static/chunks/10xy_next_dist_compiled_react-dom_0mic4tu._.js:5898:51)
    at beginWork (http://localhost:50451/_next/static/chunks/10xy_next_dist_compiled_react-dom_0mic4tu._.js:6758:1573)
    at runWithFiberInDEV (http://localhost:50451/_next/static/chunks/10xy_next_dist_compiled_react-dom_0mic4tu._.js:965:74)
    at performUnitOfWork (http://localhost:50451/_next/static/chunks/10xy_next_dist_compiled_react-dom_0mic4tu._.js:9555:97)
    at workLoopSync (http://localhost:50451/_next/static/chunks/10xy_next_dist_compiled_react-dom_0mic4tu._.js:9449:40)
    at renderRootSync (http://localhost:50451/_next/static/chunks/10xy_next_dist_compiled_react-dom_0mic4tu._.js:9433:13)
    at performWorkOnRoot (http://localhost:50451/_next/static/chunks/10xy_next_dist_compiled_react-dom_0mic4tu._.js:9098:47)
    at performWorkOnRootViaSchedulerTask (http://localhost:50451/_next/static/chunks/10xy_next_dist_compiled_react-dom_0mic4tu._.js:10255:9)
    at MessagePort.performWorkUntilDeadline (http://localhost:50451/_next/static/chunks/10xy_next_dist_compiled_0n71e~n._.js:2647:64)
[   82017ms] [LOG] [Fast Refresh] rebuilding @ http://localhost:50451/_next/static/chunks/10xy_next_dist_12ryzfy._.js:2431
[   82034ms] [WARNING] [Fast Refresh] performing full reload because your application had an unrecoverable error @ http://localhost:50451/_next/static/chunks/10xy_next_dist_12ryzfy._.js:2431
[   82333ms] [LOG] [Fast Refresh] done in 119ms @ http://localhost:50451/_next/static/chunks/10xy_next_dist_12ryzfy._.js:2431
[   82460ms] [INFO] %cDownload the React DevTools for a better development experience: https://react.dev/link/react-devtools font-weight:bold @ http://localhost:50451/_next/static/chunks/10xy_next_dist_12ryzfy._.js:2431
[   82474ms] [LOG] [HMR] connected @ http://localhost:50451/_next/static/chunks/10xy_next_dist_12ryzfy._.js:2431
[   95649ms] [INFO] %cDownload the React DevTools for a better development experience: https://react.dev/link/react-devtools font-weight:bold @ http://localhost:50451/_next/static/chunks/10xy_next_dist_12ryzfy._.js:2431
[   95664ms] [LOG] [HMR] connected @ http://localhost:50451/_next/static/chunks/10xy_next_dist_12ryzfy._.js:2431
[  108986ms] [LOG] [Fast Refresh] rebuilding @ http://localhost:50451/_next/static/chunks/10xy_next_dist_12ryzfy._.js:2431
[  109050ms] [LOG] [Fast Refresh] done in 172ms @ http://localhost:50451/_next/static/chunks/10xy_next_dist_12ryzfy._.js:2431
[  134045ms] [LOG] [Fast Refresh] rebuilding @ http://localhost:50451/_next/static/chunks/10xy_next_dist_12ryzfy._.js:2431
[  134154ms] [LOG] [Fast Refresh] done in 213ms @ http://localhost:50451/_next/static/chunks/10xy_next_dist_12ryzfy._.js:2431
[  322538ms] [LOG] [Fast Refresh] rebuilding @ http://localhost:50451/_next/static/chunks/10xy_next_dist_12ryzfy._.js:2431
[  322669ms] [LOG] [Fast Refresh] done in 240ms @ http://localhost:50451/_next/static/chunks/10xy_next_dist_12ryzfy._.js:2431
[  324229ms] [LOG] [Fast Refresh] rebuilding @ http://localhost:50451/_next/static/chunks/10xy_next_dist_12ryzfy._.js:2431
[  324285ms] [LOG] [Fast Refresh] done in 158ms @ http://localhost:50451/_next/static/chunks/10xy_next_dist_12ryzfy._.js:2431
